<?xml version="1.0" encoding="UTF-8"?>
<project default="importProjects">
 
    <target name="importProjects" description="Imports projects from the given location into the workspace.">
        <echo>Importing projects</echo>
		<tbs.importProjects dir="D:\src\temp\ws560_V218" copyProjects="true"/>       
    </target>
 

</project>